  CMshader_p.pssl
  CMshader_vv.pssl
  NoTexshader_p.pssl
  NoTexshader_vv.pssl
  shader_p.pssl
  shader_vv.pssl
  shader_loader.cpp
  CCamera.cpp
  controller.cpp
  GNFLoader.cpp
  main.cpp
  Model.cpp
D:\Users\james.mon7482\Documents\MDS-SonyPlaystation\Submission\Source Files\PS4_ClearScreen_JL\Model.cpp(55,24): warning : unused variable 'gfxc' [-Wunused-variable]
D:\Users\james.mon7482\Documents\MDS-SonyPlaystation\Submission\Source Files\PS4_ClearScreen_JL\Model.cpp(154,8): warning : 'generateVsFetchShader' is deprecated: please ensure instancingData is indexed by VertexInputSemantic::m_semantic and supply numElementsInInstancingData [-Wdeprecated-declarations]
  C:\Program Files (x86)\SCE\ORBIS SDKs\5.000\target\include_common\gnmx/fetchshaderhelper.h(75,8):  note: 'generateVsFetchShader' has been explicitly marked deprecated here
D:\Users\james.mon7482\Documents\MDS-SonyPlaystation\Submission\Source Files\PS4_ClearScreen_JL\Model.cpp(230,24): warning : unused variable 'gfxc' [-Wunused-variable]
D:\Users\james.mon7482\Documents\MDS-SonyPlaystation\Submission\Source Files\PS4_ClearScreen_JL\Model.cpp(292,15): warning : unused variable 'kAspectRatio' [-Wunused-variable]
  Render.cpp
D:\Users\james.mon7482\Documents\MDS-SonyPlaystation\Submission\Source Files\PS4_ClearScreen_JL\Render.cpp(141,21): warning : 'computeSurfaceTileMode' is deprecated: API has changed. [-Wdeprecated-declarations]
  C:\Program Files (x86)\SCE\ORBIS SDKs\5.000\target\include_common\gpu_address.h(315,34):  note: 'computeSurfaceTileMode' has been explicitly marked deprecated here
D:\Users\james.mon7482\Documents\MDS-SonyPlaystation\Submission\Source Files\PS4_ClearScreen_JL\Render.cpp(201,14): warning : 'computeSurfaceTileMode' is deprecated: API has changed. [-Wdeprecated-declarations]
  C:\Program Files (x86)\SCE\ORBIS SDKs\5.000\target\include_common\gpu_address.h(315,34):  note: 'computeSurfaceTileMode' has been explicitly marked deprecated here
D:\Users\james.mon7482\Documents\MDS-SonyPlaystation\Submission\Source Files\PS4_ClearScreen_JL\Render.cpp(203,52): warning : 'init' is deprecated: API has changed. [-Wdeprecated-declarations]
  C:\Program Files (x86)\SCE\ORBIS SDKs\5.000\target\include_common\gnm/depthrendertarget.h(122,14):  note: 'init' has been explicitly marked deprecated here
  Terrain.cpp
  Utils.cpp
  PS4_ClearScreen_JL.vcxproj -> D:\Users\james.mon7482\Documents\MDS-SonyPlaystation\Submission\Source Files\ORBIS_Release\PS4_ClearScreen_JL.elf
