d:\users\jasper.lyo7552\documents\mds-sonyplaystation\ps4_clearscreen_jl\ps4_clearscreen_jl\orbis_debug\shader_loader.o
d:\users\jasper.lyo7552\documents\mds-sonyplaystation\ps4_clearscreen_jl\ps4_clearscreen_jl\orbis_debug\controller.o
d:\users\jasper.lyo7552\documents\mds-sonyplaystation\ps4_clearscreen_jl\ps4_clearscreen_jl\orbis_debug\gnfloader.o
d:\users\jasper.lyo7552\documents\mds-sonyplaystation\ps4_clearscreen_jl\ps4_clearscreen_jl\orbis_debug\render.o
d:\users\jasper.lyo7552\documents\mds-sonyplaystation\ps4_clearscreen_jl\ps4_clearscreen_jl\orbis_debug\ccamera.o
d:\users\jasper.lyo7552\documents\mds-sonyplaystation\ps4_clearscreen_jl\ps4_clearscreen_jl\orbis_debug\model.o
d:\users\jasper.lyo7552\documents\mds-sonyplaystation\ps4_clearscreen_jl\ps4_clearscreen_jl\orbis_debug\terrain.o
d:\users\jasper.lyo7552\documents\mds-sonyplaystation\ps4_clearscreen_jl\ps4_clearscreen_jl\orbis_debug\utils.o
d:\users\jasper.lyo7552\documents\mds-sonyplaystation\ps4_clearscreen_jl\ps4_clearscreen_jl\orbis_debug\main.o
d:\users\jasper.lyo7552\documents\mds-sonyplaystation\ps4_clearscreen_jl\ps4_clearscreen_jl\orbis_debug\audiomanager.o
d:\users\jasper.lyo7552\documents\mds-sonyplaystation\ps4_clearscreen_jl\orbis_debug\ps4_clearscreen_jl.elf
d:\users\jasper.lyo7552\documents\mds-sonyplaystation\ps4_clearscreen_jl\orbis_debug\cmshader_p.sb
d:\users\jasper.lyo7552\documents\mds-sonyplaystation\ps4_clearscreen_jl\orbis_debug\cmshader_vv.sb
d:\users\jasper.lyo7552\documents\mds-sonyplaystation\ps4_clearscreen_jl\orbis_debug\notexshader_p.sb
d:\users\jasper.lyo7552\documents\mds-sonyplaystation\ps4_clearscreen_jl\orbis_debug\notexshader_vv.sb
d:\users\jasper.lyo7552\documents\mds-sonyplaystation\ps4_clearscreen_jl\orbis_debug\shader_p.sb
d:\users\jasper.lyo7552\documents\mds-sonyplaystation\ps4_clearscreen_jl\orbis_debug\shader_vv.sb
d:\users\jasper.lyo7552\documents\mds-sonyplaystation\ps4_clearscreen_jl\ps4_clearscreen_jl\orbis_debug\ps4_clea.41f9feda.tlog\orbis-clang-cl.command.1.tlog
d:\users\jasper.lyo7552\documents\mds-sonyplaystation\ps4_clearscreen_jl\ps4_clearscreen_jl\orbis_debug\ps4_clea.41f9feda.tlog\orbis-clang-cl.read.1.tlog
d:\users\jasper.lyo7552\documents\mds-sonyplaystation\ps4_clearscreen_jl\ps4_clearscreen_jl\orbis_debug\ps4_clea.41f9feda.tlog\orbis-clang-cl.write.1.tlog
d:\users\jasper.lyo7552\documents\mds-sonyplaystation\ps4_clearscreen_jl\ps4_clearscreen_jl\orbis_debug\ps4_clea.41f9feda.tlog\orbis-ld.command.1.tlog
d:\users\jasper.lyo7552\documents\mds-sonyplaystation\ps4_clearscreen_jl\ps4_clearscreen_jl\orbis_debug\ps4_clea.41f9feda.tlog\orbis-ld.read.1.tlog
d:\users\jasper.lyo7552\documents\mds-sonyplaystation\ps4_clearscreen_jl\ps4_clearscreen_jl\orbis_debug\ps4_clea.41f9feda.tlog\orbis-ld.write.1.tlog
d:\users\jasper.lyo7552\documents\mds-sonyplaystation\ps4_clearscreen_jl\ps4_clearscreen_jl\orbis_debug\ps4_clea.41f9feda.tlog\orbis-wave-psslc.command.1.tlog
d:\users\jasper.lyo7552\documents\mds-sonyplaystation\ps4_clearscreen_jl\ps4_clearscreen_jl\orbis_debug\ps4_clea.41f9feda.tlog\orbis-wave-psslc.read.1.tlog
d:\users\jasper.lyo7552\documents\mds-sonyplaystation\ps4_clearscreen_jl\ps4_clearscreen_jl\orbis_debug\ps4_clea.41f9feda.tlog\orbis-wave-psslc.write.1.tlog
